2020-09-17 20:42:07,449 - instagram_scraper.app - WARNING - Failed to get media details for CFPWuoDB28f
2020-09-17 20:42:08,566 - instagram_scraper.app - WARNING - Failed to get media details for CFPWuoAhXXV
2020-09-17 20:42:09,440 - instagram_scraper.app - WARNING - Failed to get media details for CFPWun_h3oX
2020-09-17 20:42:10,352 - instagram_scraper.app - WARNING - Failed to get media details for CFPWuoBBcrg
2020-09-17 20:42:11,239 - instagram_scraper.app - WARNING - Failed to get media details for CFPWuoCh8U9
2020-09-17 20:42:12,172 - instagram_scraper.app - WARNING - Failed to get media details for CFPWuoCB5PE
2020-09-17 20:42:14,470 - instagram_scraper.app - WARNING - Failed to get media details for CFO6TX_Mv8U
2020-09-17 20:42:15,350 - instagram_scraper.app - WARNING - Failed to get media details for CFO6TYAMsar
2020-09-17 20:42:18,076 - instagram_scraper.app - WARNING - Failed to get media details for CFNnMTjDKG_
2020-09-17 20:42:19,240 - instagram_scraper.app - WARNING - Failed to get media details for CFNm3XwDJNC
2020-09-17 20:42:20,168 - instagram_scraper.app - WARNING - Failed to get media details for CFNm3Ygj_ex
2020-09-17 20:42:21,156 - instagram_scraper.app - WARNING - Failed to get media details for CFNm3YjjsiI
2020-09-17 20:42:22,392 - instagram_scraper.app - WARNING - Failed to get media details for CFNm3YZjrWv
2020-09-17 20:42:25,466 - instagram_scraper.app - WARNING - Failed to get media details for CFONxBLDbwt
2020-09-17 20:42:26,357 - instagram_scraper.app - WARNING - Failed to get media details for CFONxBLjkWK
2020-09-17 20:42:27,273 - instagram_scraper.app - WARNING - Failed to get media details for CFONxBMjBQ4
2020-09-17 20:42:28,233 - instagram_scraper.app - WARNING - Failed to get media details for CFONxBKDbn5
2020-09-17 20:42:29,240 - instagram_scraper.app - WARNING - Failed to get media details for CFONxBODioj
2020-09-17 20:42:30,304 - instagram_scraper.app - WARNING - Failed to get media details for CFONxBOjl7O
2020-09-17 20:42:31,436 - instagram_scraper.app - WARNING - Failed to get media details for CFPHZLYH6oY
2020-09-17 20:42:32,324 - instagram_scraper.app - WARNING - Failed to get media details for CFPHZLZn1SP
2020-09-17 20:42:33,204 - instagram_scraper.app - WARNING - Failed to get media details for CFPHZLaHFjc
2020-09-17 20:42:34,094 - instagram_scraper.app - WARNING - Failed to get media details for CFPHZLanapX
2020-09-17 20:42:35,627 - instagram_scraper.app - WARNING - Failed to get media details for CFPldTMpPTS
2020-09-17 20:42:36,537 - instagram_scraper.app - WARNING - Failed to get media details for CFPldTLJuS_
2020-09-17 20:42:38,746 - instagram_scraper.app - WARNING - Failed to get media details for CFNiSyrBRtE
2020-09-17 20:42:40,001 - instagram_scraper.app - WARNING - Failed to get media details for CFNiSyqBBgY
2020-09-17 20:42:42,233 - instagram_scraper.app - WARNING - Failed to get media details for CFOqStNji1C
2020-09-17 20:42:43,193 - instagram_scraper.app - WARNING - Failed to get media details for CFOqStNDmrZ
2020-09-17 20:42:45,023 - instagram_scraper.app - WARNING - Failed to get media details for CFO-VnYn7DQ
2020-09-17 20:42:45,991 - instagram_scraper.app - WARNING - Failed to get media details for CFO-VnZnalS
2020-09-17 20:42:47,371 - instagram_scraper.app - WARNING - Failed to get media details for CFOaCzhhR7R
2020-09-17 20:42:48,289 - instagram_scraper.app - WARNING - Failed to get media details for CFOaCzjBibV
2020-09-17 20:42:49,123 - instagram_scraper.app - WARNING - Failed to get media details for CFOaCzjhCCm
2020-09-17 20:42:50,609 - instagram_scraper.app - WARNING - Failed to get media details for CFO8L2bgOYr
2020-09-17 20:42:51,465 - instagram_scraper.app - WARNING - Failed to get media details for CFO8L2dATsg
2020-09-17 20:42:52,301 - instagram_scraper.app - WARNING - Failed to get media details for CFO8L2dgPD7
2020-09-17 20:42:53,851 - instagram_scraper.app - WARNING - Failed to get media details for CFNI6iMlAzn
2020-09-17 20:42:54,644 - instagram_scraper.app - WARNING - Failed to get media details for CFNI6iNFGNG
2020-09-17 20:42:55,568 - instagram_scraper.app - WARNING - Failed to get media details for CFNI6iNlyWk
2020-09-17 20:42:58,015 - instagram_scraper.app - WARNING - Failed to get media details for CFPInaBBcVh
2020-09-17 20:42:59,542 - instagram_scraper.app - WARNING - Failed to get media details for CFPInaABIAE
2020-09-17 20:43:01,146 - instagram_scraper.app - WARNING - Failed to get media details for CFPInaBBUWq
2020-09-17 20:43:02,441 - instagram_scraper.app - WARNING - Failed to get media details for CFPInZ_hyaX
2020-09-17 20:43:03,951 - instagram_scraper.app - WARNING - Failed to get media details for CFMm6_bH1uS
2020-09-17 20:43:04,921 - instagram_scraper.app - WARNING - Failed to get media details for CFMm6_cnEyE
2020-09-17 20:43:07,168 - instagram_scraper.app - WARNING - Failed to get media details for CFPk4nDht0n
2020-09-17 20:43:07,960 - instagram_scraper.app - WARNING - Failed to get media details for CFPk4nEhf-m
2020-09-17 20:43:11,668 - instagram_scraper.app - WARNING - Failed to get media details for CFPWZxhBMJk
2020-09-17 20:43:12,438 - instagram_scraper.app - WARNING - Failed to get media details for CFPWZxihOOv
2020-09-17 20:43:14,881 - instagram_scraper.app - WARNING - Failed to get media details for CFPRRVyHPWQ
2020-09-17 20:43:15,757 - instagram_scraper.app - WARNING - Failed to get media details for CFPRRVxnqOI
2020-09-17 20:43:16,663 - instagram_scraper.app - WARNING - Failed to get media details for CFPRRVxHg_I
2020-09-17 20:43:19,795 - instagram_scraper.app - WARNING - Failed to get media details for CFPBV-aBjrN
2020-09-17 20:43:20,866 - instagram_scraper.app - WARNING - Failed to get media details for CFPBV-bBFpK
2020-09-17 20:43:21,734 - instagram_scraper.app - WARNING - Failed to get media details for CFPBV-ahJnC
2020-09-17 20:43:22,747 - instagram_scraper.app - WARNING - Failed to get media details for CFPBV-chsFP
2020-09-17 20:43:23,575 - instagram_scraper.app - WARNING - Failed to get media details for CFPBV-cBR5q
2020-09-17 20:43:26,901 - instagram_scraper.app - WARNING - Failed to get media details for CFPidOkhBI4
2020-09-17 20:43:27,847 - instagram_scraper.app - WARNING - Failed to get media details for CFPidOlhhQH
2020-09-17 20:43:28,668 - instagram_scraper.app - WARNING - Failed to get media details for CFPidOmB5Xl
2020-09-17 20:43:29,758 - instagram_scraper.app - WARNING - Failed to get media details for CFPidOmh5KV
2020-09-17 20:43:32,189 - instagram_scraper.app - WARNING - Failed to get media details for CFPxEbup6pD
2020-09-17 20:43:33,293 - instagram_scraper.app - WARNING - Failed to get media details for CFPxEbtJ9fH
2020-09-17 20:43:34,035 - instagram_scraper.app - WARNING - Failed to get media details for CFPw7c0p1Hq
2020-09-17 20:43:34,775 - instagram_scraper.app - WARNING - Failed to get media details for CFPw7c3JPXu
2020-09-17 20:43:35,420 - instagram_scraper.app - WARNING - Failed to get media details for CFPw7c1pRHm
2020-09-17 20:43:37,320 - instagram_scraper.app - WARNING - Failed to get media details for CFPwG4rpTYx
2020-09-17 20:43:38,107 - instagram_scraper.app - WARNING - Failed to get media details for CFPwG5opZD6
2020-09-17 20:43:38,906 - instagram_scraper.app - WARNING - Failed to get media details for CFPwG5wJHqb
2020-09-17 20:43:39,773 - instagram_scraper.app - WARNING - Failed to get media details for CFPwHdvJra6
2020-09-17 20:43:40,606 - instagram_scraper.app - WARNING - Failed to get media details for CFPwJkgJHIU
2020-09-17 20:43:46,128 - instagram_scraper.app - WARNING - Failed to get media details for CFPvigTB8NR
2020-09-17 20:43:47,039 - instagram_scraper.app - WARNING - Failed to get media details for CFPvigSBatG
2020-09-17 20:43:49,100 - instagram_scraper.app - WARNING - Failed to get media details for CFPuI85hdog
2020-09-17 20:43:50,103 - instagram_scraper.app - WARNING - Failed to get media details for CFPvK0tBNhq
2020-09-17 20:43:52,173 - instagram_scraper.app - WARNING - Failed to get media details for CFPu6a-BQCy
2020-09-17 20:43:52,965 - instagram_scraper.app - WARNING - Failed to get media details for CFPu6a-hSbJ
2020-09-17 20:43:54,941 - instagram_scraper.app - WARNING - Failed to get media details for CFPusGBBswq
2020-09-17 20:43:55,871 - instagram_scraper.app - WARNING - Failed to get media details for CFPusGAB4yi
2020-09-17 20:43:57,180 - instagram_scraper.app - WARNING - Failed to get media details for CFPum_PBGkJ
2020-09-17 20:43:57,872 - instagram_scraper.app - WARNING - Failed to get media details for CFPum_PhSMJ
2020-09-17 20:43:58,698 - instagram_scraper.app - WARNING - Failed to get media details for CFPum_QBEf3
2020-09-17 20:43:59,553 - instagram_scraper.app - WARNING - Failed to get media details for CFPum_OBRdi
2020-09-17 20:44:00,699 - instagram_scraper.app - WARNING - Failed to get media details for CFPuh64B7Xi
2020-09-17 20:44:01,600 - instagram_scraper.app - WARNING - Failed to get media details for CFPuh65BdhE
2020-09-17 20:44:02,407 - instagram_scraper.app - WARNING - Failed to get media details for CFPuh65hitx
2020-09-17 20:44:04,071 - instagram_scraper.app - WARNING - Failed to get media details for CFPudU2BYOe
2020-09-17 20:44:04,820 - instagram_scraper.app - WARNING - Failed to get media details for CFPudU2hWMK
2020-09-17 20:44:06,227 - instagram_scraper.app - WARNING - Failed to get media details for CFPuXtqBZDX
2020-09-17 20:44:06,998 - instagram_scraper.app - WARNING - Failed to get media details for CFPuXtphEmx
2020-09-17 20:44:07,886 - instagram_scraper.app - WARNING - Failed to get media details for CFPuXtpBcKG
2020-09-17 20:44:08,739 - instagram_scraper.app - WARNING - Failed to get media details for CFPuXtrBo3Y
2020-09-17 20:44:09,487 - instagram_scraper.app - WARNING - Failed to get media details for CFPuXtrB03U
2020-09-17 20:44:10,633 - instagram_scraper.app - WARNING - Failed to get media details for CFPuXtrhooo
2020-09-17 20:44:14,538 - instagram_scraper.app - WARNING - Failed to get media details for CFPtyIhF72V
2020-09-17 20:44:15,378 - instagram_scraper.app - WARNING - Failed to get media details for CFPtyIhldwd
2020-09-17 20:44:16,040 - instagram_scraper.app - WARNING - Failed to get media details for CFPtyIiFQZ3
2020-09-17 20:44:17,024 - instagram_scraper.app - WARNING - Failed to get media details for CFPtyIgF37B
2020-09-17 20:44:19,754 - instagram_scraper.app - WARNING - Failed to get media details for CFPtPrLhqJZ
2020-09-17 20:44:20,413 - instagram_scraper.app - WARNING - Failed to get media details for CFPtPrKBNPx
2020-09-17 20:44:21,127 - instagram_scraper.app - WARNING - Failed to get media details for CFPtPrLhnt_
2020-09-17 20:44:21,930 - instagram_scraper.app - WARNING - Failed to get media details for CFPtPrLBS9P
